<?xml version="1.0" encoding="UTF-8"?>

<!--
  ~ Copyright (c) 2015 Maxcode B.V.
  -->

<beans xmlns:xsi="http://www.w3.org/2001/XMLSchema-instance"
       xmlns:mvc="http://www.springframework.org/schema/mvc"
       xmlns:context="http://www.springframework.org/schema/context"
       xmlns="http://www.springframework.org/schema/beans"
       xsi:schemaLocation="http://www.springframework.org/schema/beans
       http://www.springframework.org/schema/beans/spring-beans-3.0.xsd
       http://www.springframework.org/schema/mvc http://www.springframework.org/schema/mvc/spring-mvc.xsd http://www.springframework.org/schema/context http://www.springframework.org/schema/context/spring-context.xsd">

    <mvc:annotation-driven/>
    <mvc:resources mapping="/static/**" location="/WEB-INF/static/"/>

    <context:component-scan base-package="md.maxcode.si.http"/>

    <mvc:interceptors>
        <mvc:interceptor>
            <mvc:mapping path="/login"/>
            <bean id="webContentInterceptor" class="org.springframework.web.servlet.mvc.WebContentInterceptor">
                <property name="cacheSeconds" value="0"/>
                <property name="useExpiresHeader" value="true"/>
                <property name="useCacheControlHeader" value="true"/>
                <property name="useCacheControlNoStore" value="true"/>
            </bean>
        </mvc:interceptor>
        <mvc:interceptor>
            <mvc:mapping path="/html/user/**"/>
            <bean id="requestInterceptor" class="md.maxcode.si.http.controller.UserRequestInterceptor"/>
        </mvc:interceptor>
    </mvc:interceptors>

    <bean id="viewResolver"
          class="org.springframework.web.servlet.view.InternalResourceViewResolver">
        <property name="prefix" value="/WEB-INF/pages/"/>
        <property name="suffix" value=".jsp"/>
    </bean>

    <bean id="multipartResolver"
          class="org.springframework.web.multipart.commons.CommonsMultipartResolver">
        <!-- one of the properties available; the maximum file size in bytes -->
        <!-- 30 MB -->
        <property name="maxUploadSize" value="30000000"/>
    </bean>

</beans>